1  	LOADDIADRSI
            0  00101000011000000000000000000000     =$28600000
2  boucle	INCSI
            1  01010110001000000000000000000000     =$56200000
3      	LOADDIADRSI
            2  00101000011000000000000000000000     =$28600000
4      	LOADBADRDI
            3  00100101011000000000000000000000     =$25600000
5      	DECDI
            4  01101000010000000000000000000000     =$68400000
6      	CMPSIA
            5  10110000101000000000000000000000     =$B0A00000
7      	JMPNZ non_palindrome
            6  00000000000001000000000000001010     =$0004000A
8      	CMPBA
            7  10110000100000000000000000000000     =$B0800000
9      	JMPPZ fin_palindrome
            8  00000000000100000000000000001100     =$0010000C
10      	JMP boucle
            9  00000000000000010000000000000001     =$00010001
11  
12  non_palindrome	LOADA #-1
            A  00010010000000001111111111111111     =$1200FFFF
13      		JMP fin
            B  00000000000000010000000000001101     =$0001000D
14  
15  fin_palindrome	LOADA #1
            C  00010010000000000000000000000001     =$12000001
16  
17  fin	JMP fin
            D  00000000000000010000000000001101     =$0001000D
18  
